<?xml version="1.0" encoding="UTF-8"?>
<robot generator="Robot 3.1.1 (Python 3.9.4 on win32)" generated="20210510 19:24:03.214" rpa="false">
<suite id="s1" name="Testv6" source="C:\Users\Beatriz Moutinho\eclipse-workspace\beatriztest\testv6.robot">
<kw name="Log" library="BuiltIn" type="setup">
<doc>Logs the given message with the given level.</doc>
<arguments>
<arg>I am inside Test Suit Setup</arg>
</arguments>
<msg timestamp="20210510 19:24:03.426" level="INFO">I am inside Test Suit Setup</msg>
<status status="PASS" starttime="20210510 19:24:03.426" endtime="20210510 19:24:03.426"></status>
</kw>
<test id="s1-t1" name="MyFirstTest">
<kw name="Log" library="BuiltIn" type="setup">
<doc>Logs the given message with the given level.</doc>
<arguments>
<arg>I am inside Test Setup</arg>
</arguments>
<msg timestamp="20210510 19:24:03.427" level="INFO">I am inside Test Setup</msg>
<status status="PASS" starttime="20210510 19:24:03.427" endtime="20210510 19:24:03.427"></status>
</kw>
<kw name="Log" library="BuiltIn">
<doc>Logs the given message with the given level.</doc>
<arguments>
<arg>Hello World...</arg>
</arguments>
<msg timestamp="20210510 19:24:03.427" level="INFO">Hello World...</msg>
<status status="PASS" starttime="20210510 19:24:03.427" endtime="20210510 19:24:03.427"></status>
</kw>
<kw name="Log" library="BuiltIn" type="teardown">
<doc>Logs the given message with the given level.</doc>
<arguments>
<arg>I am inside Rest Teardown</arg>
</arguments>
<msg timestamp="20210510 19:24:03.428" level="INFO">I am inside Rest Teardown</msg>
<status status="PASS" starttime="20210510 19:24:03.428" endtime="20210510 19:24:03.428"></status>
</kw>
<tags>
<tag>smoke</tag>
</tags>
<status status="PASS" starttime="20210510 19:24:03.426" endtime="20210510 19:24:03.428" critical="yes"></status>
</test>
<test id="s1-t2" name="MySecondTest">
<kw name="Log" library="BuiltIn" type="setup">
<doc>Logs the given message with the given level.</doc>
<arguments>
<arg>I am inside Test Setup</arg>
</arguments>
<msg timestamp="20210510 19:24:03.430" level="INFO">I am inside Test Setup</msg>
<status status="PASS" starttime="20210510 19:24:03.430" endtime="20210510 19:24:03.430"></status>
</kw>
<kw name="Log" library="BuiltIn">
<doc>Logs the given message with the given level.</doc>
<arguments>
<arg>2nd test...</arg>
</arguments>
<msg timestamp="20210510 19:24:03.430" level="INFO">2nd test...</msg>
<status status="PASS" starttime="20210510 19:24:03.430" endtime="20210510 19:24:03.430"></status>
</kw>
<kw name="Set Tags" library="BuiltIn">
<doc>Adds given ``tags`` for the current test or all tests in a suite.</doc>
<arguments>
<arg>regression1</arg>
</arguments>
<msg timestamp="20210510 19:24:03.431" level="INFO">Set tag 'regression1'.</msg>
<status status="PASS" starttime="20210510 19:24:03.431" endtime="20210510 19:24:03.431"></status>
</kw>
<kw name="Remove Tags" library="BuiltIn">
<doc>Removes given ``tags`` from the current test or all tests in a suite.</doc>
<arguments>
<arg>regression1</arg>
</arguments>
<msg timestamp="20210510 19:24:03.431" level="INFO">Removed tag 'regression1'.</msg>
<status status="PASS" starttime="20210510 19:24:03.431" endtime="20210510 19:24:03.431"></status>
</kw>
<kw name="Log" library="BuiltIn" type="teardown">
<doc>Logs the given message with the given level.</doc>
<arguments>
<arg>I am inside Rest Teardown</arg>
</arguments>
<msg timestamp="20210510 19:24:03.432" level="INFO">I am inside Rest Teardown</msg>
<status status="PASS" starttime="20210510 19:24:03.432" endtime="20210510 19:24:03.432"></status>
</kw>
<tags>
<tag>sanity</tag>
</tags>
<status status="PASS" starttime="20210510 19:24:03.429" endtime="20210510 19:24:03.432" critical="yes"></status>
</test>
<kw name="Log" library="BuiltIn" type="teardown">
<doc>Logs the given message with the given level.</doc>
<arguments>
<arg>I am inside Test Suit Teardown</arg>
</arguments>
<msg timestamp="20210510 19:24:03.433" level="INFO">I am inside Test Suit Teardown</msg>
<status status="PASS" starttime="20210510 19:24:03.433" endtime="20210510 19:24:03.433"></status>
</kw>
<status status="PASS" starttime="20210510 19:24:03.215" endtime="20210510 19:24:03.433"></status>
</suite>
<statistics>
<total>
<stat pass="2" fail="0">Critical Tests</stat>
<stat pass="2" fail="0">All Tests</stat>
</total>
<tag>
<stat pass="1" fail="0">sanity</stat>
<stat pass="1" fail="0">smoke</stat>
</tag>
<suite>
<stat pass="2" fail="0" id="s1" name="Testv6">Testv6</stat>
</suite>
</statistics>
<errors>
</errors>
</robot>
